<?xml version="1.0" encoding="UTF-8"?>
<!-- Generated by org.testng.reporters.JUnitXMLReporter -->
<testsuite ignored="0" hostname="Black-Beast0007" failures="0" tests="0" name="Test-1" time="9.408" errors="0" timestamp="2025-07-15T20:31:14 IST">
</testsuite> <!-- Test-1 -->
