<?xml version="1.0" encoding="UTF-8"?>
<!-- Generated by org.testng.reporters.JUnitReportReporter -->
<testsuite hostname="Black-Beast0007" failures="0" tests="1" name="Com.Test.Contact.Com.Vtiger.Vtiger_Contact_Create_Contact_With_Organization_TC_06" time="23.534" errors="0" timestamp="2025-06-30T22:47:37 IST" skipped="0">
  <testcase classname="Com.Test.Contact.Com.Vtiger.Vtiger_Contact_Create_Contact_With_Organization_TC_06" name="Create_Contact_With_Organization_Test" time="23.534"/>
</testsuite> <!-- Com.Test.Contact.Com.Vtiger.Vtiger_Contact_Create_Contact_With_Organization_TC_06 -->
