<?xml version="1.0" encoding="UTF-8"?>
<!-- Generated by org.testng.reporters.JUnitReportReporter -->
<testsuite hostname="Black-Beast0007" failures="0" tests="1" name="Com.Test.Organization.Com.Vtiger.Vtiger_Organization_Create_Organization_With_PhoneNumber_TC_03" time="29.483" errors="0" timestamp="2025-07-14T16:23:41 IST" skipped="0">
  <testcase classname="Com.Test.Organization.Com.Vtiger.Vtiger_Organization_Create_Organization_With_PhoneNumber_TC_03" name="Create_Organization_With_PhoneNumber_Test" time="29.483"/>
  <system-out>
    <![CDATA[Before Suite Executed
Before Class Executed
Before Method Executed
After Method Executed
After Class Executed
After Suite Executed]]>
  </system-out>
</testsuite> <!-- Com.Test.Organization.Com.Vtiger.Vtiger_Organization_Create_Organization_With_PhoneNumber_TC_03 -->
