<?xml version="1.0" encoding="UTF-8"?>
<!-- Generated by org.testng.reporters.JUnitReportReporter -->
<testsuite hostname="Black-Beast0007" failures="0" tests="3" name="Com.Vtiger.Organization.Test.Orgainzation_Test" time="36.947" errors="0" timestamp="2025-07-15T20:30:37 IST" skipped="0">
  <testcase classname="Com.Vtiger.Organization.Test.Orgainzation_Test" name="Create_Organization_Test" time="13.576"/>
  <testcase classname="Com.Vtiger.Organization.Test.Orgainzation_Test" name="Create_Organization_With_Industry_Test" time="11.069"/>
  <testcase classname="Com.Vtiger.Organization.Test.Orgainzation_Test" name="Create_Organization_With_PhoneNumber_Test" time="12.302"/>
  <system-out>
    <![CDATA[Before Suite Executed
Before Class Executed
Before Method Executed
After Method Executed
Before Method Executed
After Method Executed
Before Method Executed
After Method Executed
After Class Executed
Before Class Executed
Before Method Executed
After Suite Executed]]>
  </system-out>
</testsuite> <!-- Com.Vtiger.Organization.Test.Orgainzation_Test -->
