<?xml version="1.0" encoding="UTF-8"?>
<!-- Generated by org.testng.reporters.JUnitReportReporter -->
<testsuite hostname="Black-Beast0007" failures="0" tests="1" name="Com.Test.Organization.Com.Vtiger.Vtiger_Organization_Create_Organization_With_Industry_TC_02" time="23.595" errors="0" timestamp="2025-07-14T16:22:49 IST" skipped="0">
  <testcase classname="Com.Test.Organization.Com.Vtiger.Vtiger_Organization_Create_Organization_With_Industry_TC_02" name="Create_Organization_With_Industry_Test" time="23.595"/>
  <system-out>
    <![CDATA[Before Suite Executed
Before Class Executed
Before Method Executed
After Method Executed
After Class Executed
After Suite Executed]]>
  </system-out>
</testsuite> <!-- Com.Test.Organization.Com.Vtiger.Vtiger_Organization_Create_Organization_With_Industry_TC_02 -->
