<?xml version="1.0" encoding="UTF-8"?>
<!-- Generated by org.testng.reporters.JUnitReportReporter -->
<testsuite hostname="Black-Beast0007" failures="0" tests="1" name="Com.Test.Contact.Com.Vtiger.Vtiger_Contact_Create_Contact_With_SupportDate_TC_05" time="11.414" errors="0" timestamp="2025-06-30T22:47:37 IST" skipped="0">
  <testcase classname="Com.Test.Contact.Com.Vtiger.Vtiger_Contact_Create_Contact_With_SupportDate_TC_05" name="Create_Contact_With_SupportDate_Test" time="11.414"/>
</testsuite> <!-- Com.Test.Contact.Com.Vtiger.Vtiger_Contact_Create_Contact_With_SupportDate_TC_05 -->
